{"name": "testAddProject6", "status": "failed", "statusDetails": {"message": "AssertionError: assert 0 == 1", "trace": "self = <com.opms.case.project.testAddPro.TestAdd object at 0x000002411BE68FD0>\nlogins = <requests.sessions.Session object at 0x000002411BE67E80>\n\n    @allure.feature(\"功能点：opms添加项目\")\n    @allure.step(\"测试步骤：desc为空，点击添加\")\n    @allure.severity(allure.severity_level.NORMAL)\n    def testAddProject6(self, logins):\n        s = logins\n        res = addProjectManager.AddProManager(s).addManager(desc=\"\")\n>       assert res[\"code\"] == 1\nE       assert 0 == 1\n\ntestAddPro.py:75: AssertionError"}, "steps": [{"name": "测试步骤：desc为空，点击添加", "status": "failed", "statusDetails": {"message": "AssertionError: assert 0 == 1\n", "trace": "  File \"C:\\Users\\86135\\AppData\\Roaming\\Python\\Python38\\site-packages\\allure_commons\\_allure.py\", line 172, in impl\n    return func(*a, **kw)\n  File \"D:\\software\\pycharmTest\\test1\\com\\opms\\case\\project\\testAddPro.py\", line 75, in testAddProject6\n    assert res[\"code\"] == 1\n"}, "parameters": [{"name": "logins", "value": "<requests.sessions.Session object at 0x000002411BE67E80>"}], "start": 1641969278737, "stop": 1641969278804}], "start": 1641969278737, "stop": 1641969278805, "uuid": "c5f806de-de38-4b44-98cf-73e9f7313460", "historyId": "44f94f054b19de38bb483a624768e165", "testCaseId": "19265e4ab9b5c65bfc85c11f8251f65f", "fullName": "opms.case.project.testAddPro.TestAdd#testAddProject6", "labels": [{"name": "severity", "value": "normal"}, {"name": "feature", "value": "功能点：opms添加项目"}, {"name": "parentSuite", "value": "opms.case.project"}, {"name": "suite", "value": "testAddPro"}, {"name": "subSuite", "value": "TestAdd"}, {"name": "host", "value": "DESKTOP-AN7UERG"}, {"name": "thread", "value": "9808-MainThread"}, {"name": "framework", "value": "pytest"}, {"name": "language", "value": "cpython3"}, {"name": "package", "value": "opms.case.project.testAddPro"}]}