{"name": "testAddProject6", "status": "failed", "statusDetails": {"message": "AssertionError: assert 0 == 1", "trace": "self = <com.opms.case.project.testAddPro.TestAdd object at 0x0000014656895520>\nlogins = <requests.sessions.Session object at 0x00000146568C4C70>\n\n    @allure.feature(\"功能点：opms添加项目\")\n    @allure.step(\"测试步骤：desc为空，点击添加\")\n    @allure.severity(allure.severity_level.NORMAL)\n    def testAddProject6(self, logins):\n        s = logins\n        res = addProjectManager.AddProManager(s).addManager(desc=\"\")\n>       assert res[\"code\"] == 1\nE       assert 0 == 1\n\ntestAddPro.py:75: AssertionError"}, "steps": [{"name": "测试步骤：desc为空，点击添加", "status": "failed", "statusDetails": {"message": "AssertionError: assert 0 == 1\n", "trace": "  File \"C:\\Users\\86135\\AppData\\Roaming\\Python\\Python38\\site-packages\\allure_commons\\_allure.py\", line 172, in impl\n    return func(*a, **kw)\n  File \"D:\\software\\pycharmTest\\test1\\com\\opms\\case\\project\\testAddPro.py\", line 75, in testAddProject6\n    assert res[\"code\"] == 1\n"}, "parameters": [{"name": "logins", "value": "<requests.sessions.Session object at 0x00000146568C4C70>"}], "start": 1641969286185, "stop": 1641969286291}], "start": 1641969286185, "stop": 1641969286292, "uuid": "d2c45871-b055-46c7-8004-6b3f711103af", "historyId": "44f94f054b19de38bb483a624768e165", "testCaseId": "19265e4ab9b5c65bfc85c11f8251f65f", "fullName": "opms.case.project.testAddPro.TestAdd#testAddProject6", "labels": [{"name": "severity", "value": "normal"}, {"name": "feature", "value": "功能点：opms添加项目"}, {"name": "parentSuite", "value": "opms.case.project"}, {"name": "suite", "value": "testAddPro"}, {"name": "subSuite", "value": "TestAdd"}, {"name": "host", "value": "DESKTOP-AN7UERG"}, {"name": "thread", "value": "12572-MainThread"}, {"name": "framework", "value": "pytest"}, {"name": "language", "value": "cpython3"}, {"name": "package", "value": "opms.case.project.testAddPro"}]}